Arguments: 
  C:\Program Files\nodejs\node.exe C:\Program Files (x86)\Yarn\bin\yarn.js upgrade

PATH: 
  C:\Python27\;C:\Python27\Scripts;C:\Program Files (x86)\Intel\iCLS Client\;C:\Program Files\Intel\iCLS Client\;C:\WINDOWS\system32;C:\WINDOWS;C:\WINDOWS\System32\Wbem;C:\WINDOWS\System32\WindowsPowerShell\v1.0\;C:\Program Files\Git\cmd;C:\ProgramData\chocolatey\bin;C:\Program Files\nodejs\;C:\Program Files\Java\jdk1.8.0_162\bin;D:\Android\sdk\emulator;C:\Program Files\Intel\Intel(R) Management Engine Components\DAL;C:\Program Files\Intel\Intel(R) Management Engine Components\IPT;C:\Program Files (x86)\Intel\Intel(R) Management Engine Components\DAL;C:\Program Files (x86)\Intel\Intel(R) Management Engine Components\IPT;C:\Program Files (x86)\Intel\OpenCL SDK\2.0\bin\x86;C:\Program Files (x86)\Intel\OpenCL SDK\2.0\bin\x64;C:\Program Files (x86)\AMD\ATI.ACE\Core-Static;C:\Program Files (x86)\Yarn\bin\;C:\Program Files (x86)\Skype\Phone\;D:\Android\sdk\platform-tools;;C:\Program Files (x86)\DevDesktop\tools;C:\WINDOWS\System32\OpenSSH\;C:\Users\No Name\AppData\Local\Microsoft\WindowsApps;C:\Program Files\Microsoft VS Code\bin;C:\Users\No Name\AppData\Roaming\npm;C:\Users\No Name\AppData\Local\Yarn\bin;

Yarn version: 
  1.5.1

Node version: 
  9.8.0

Platform: 
  win32 x64

npm manifest: 
  {
      "main": "node_modules/expo/AppEntry.js",
      "private": true,
      "dependencies": {
          "@expo/vector-icons": "^6.3.1",
          "expo": "^28.0.0",
          "firebase": "^5.1.0",
          "lodash": "^4.17.10",
          "native-base": "^2.6.1",
          "react": "16.3.1",
          "react-native": "https://github.com/expo/react-native/archive/sdk-28.0.0.tar.gz",
          "react-navigation": "^2.5.5",
          "react-navigation-redux-helpers": "^2.0.2",
          "react-redux": "^5.0.7",
          "redux": "^4.0.0",
          "redux-saga": "^0.16.0"
      }
  }

yarn manifest: 
  No manifest

Lockfile: 
  No lockfile

Trace: 
  Error: No lockfile in this directory. Run `yarn install` to generate one.
      at new MessageError (C:\Program Files (x86)\Yarn\lib\cli.js:186:110)
      at C:\Program Files (x86)\Yarn\lib\cli.js:89389:13
      at <anonymous>
